[2024-02-23 19:39:36] local.ERROR: oci_connect(): ORA-12170: TNS:Connect timeout occurred {"exception":"[object] (Yajra\\Pdo\\Oci8\\Exceptions\\Oci8Exception(code: 0): oci_connect(): ORA-12170: TNS:Connect timeout occurred at D:\\Office\\ZRA\\zrb-admin\\vendor\\yajra\\laravel-pdo-via-oci8\\src\\Pdo\\Oci8.php:155)
[stacktrace]
#0 D:\\Office\\ZRA\\zrb-admin\\vendor\\yajra\\laravel-pdo-via-oci8\\src\\Pdo\\Oci8.php(103): Yajra\\Pdo\\Oci8->connect('(DESCRIPTION = ...', 'ZRA', 'password', Array, 'AL32UTF8')
#1 D:\\Office\\ZRA\\zrb-admin\\vendor\\yajra\\laravel-oci8\\src\\Oci8\\Connectors\\OracleConnector.php(214): Yajra\\Pdo\\Oci8->__construct('(DESCRIPTION = ...', 'ZRA', 'password', Array)
#2 D:\\Office\\ZRA\\zrb-admin\\vendor\\yajra\\laravel-oci8\\src\\Oci8\\Connectors\\OracleConnector.php(42): Yajra\\Oci8\\Connectors\\OracleConnector->createConnection('(DESCRIPTION = ...', Array, Array)
#3 D:\\Office\\ZRA\\zrb-admin\\vendor\\yajra\\laravel-oci8\\src\\Oci8\\Oci8ServiceProvider.php(53): Yajra\\Oci8\\Connectors\\OracleConnector->connect(Array)
#4 D:\\Office\\ZRA\\zrb-admin\\vendor\\laravel\\framework\\src\\Illuminate\\Database\\Connectors\\ConnectionFactory.php(273): Yajra\\Oci8\\Oci8ServiceProvider->Yajra\\Oci8\\{closure}(Object(Closure), 'ZRA', '', Array)
#5 D:\\Office\\ZRA\\zrb-admin\\vendor\\laravel\\framework\\src\\Illuminate\\Database\\Connectors\\ConnectionFactory.php(76): Illuminate\\Database\\Connectors\\ConnectionFactory->createConnection('oracle', Object(Closure), 'ZRA', '', Array)
#6 D:\\Office\\ZRA\\zrb-admin\\vendor\\laravel\\framework\\src\\Illuminate\\Database\\Connectors\\ConnectionFactory.php(50): Illuminate\\Database\\Connectors\\ConnectionFactory->createSingleConnection(Array)
#7 D:\\Office\\ZRA\\zrb-admin\\vendor\\laravel\\framework\\src\\Illuminate\\Database\\DatabaseManager.php(140): Illuminate\\Database\\Connectors\\ConnectionFactory->make(Array, 'oracle')
#8 D:\\Office\\ZRA\\zrb-admin\\vendor\\laravel\\framework\\src\\Illuminate\\Database\\DatabaseManager.php(95): Illuminate\\Database\\DatabaseManager->makeConnection('oracle')
#9 D:\\Office\\ZRA\\zrb-admin\\vendor\\laravel\\framework\\src\\Illuminate\\Support\\Facades\\Schema.php(49): Illuminate\\Database\\DatabaseManager->connection()
#10 D:\\Office\\ZRA\\zrb-admin\\vendor\\laravel\\framework\\src\\Illuminate\\Support\\Facades\\Facade.php(166): Illuminate\\Support\\Facades\\Schema::getFacadeAccessor()
#11 D:\\Office\\ZRA\\zrb-admin\\vendor\\laravel\\framework\\src\\Illuminate\\Support\\Facades\\Facade.php(255): Illuminate\\Support\\Facades\\Facade::getFacadeRoot()
#12 D:\\Office\\ZRA\\zrb-admin\\app\\Providers\\PermissionServiceProvider.php(30): Illuminate\\Support\\Facades\\Facade::__callStatic('hasTable', Array)
#13 D:\\Office\\ZRA\\zrb-admin\\vendor\\laravel\\framework\\src\\Illuminate\\Container\\BoundMethod.php(36): App\\Providers\\PermissionServiceProvider->boot()
#14 D:\\Office\\ZRA\\zrb-admin\\vendor\\laravel\\framework\\src\\Illuminate\\Container\\Util.php(40): Illuminate\\Container\\BoundMethod::Illuminate\\Container\\{closure}()
#15 D:\\Office\\ZRA\\zrb-admin\\vendor\\laravel\\framework\\src\\Illuminate\\Container\\BoundMethod.php(93): Illuminate\\Container\\Util::unwrapIfClosure(Object(Closure))
#16 D:\\Office\\ZRA\\zrb-admin\\vendor\\laravel\\framework\\src\\Illuminate\\Container\\BoundMethod.php(37): Illuminate\\Container\\BoundMethod::callBoundMethod(Object(Illuminate\\Foundation\\Application), Array, Object(Closure))
#17 D:\\Office\\ZRA\\zrb-admin\\vendor\\laravel\\framework\\src\\Illuminate\\Container\\Container.php(653): Illuminate\\Container\\BoundMethod::call(Object(Illuminate\\Foundation\\Application), Array, Array, NULL)
#18 D:\\Office\\ZRA\\zrb-admin\\vendor\\laravel\\framework\\src\\Illuminate\\Foundation\\Application.php(924): Illuminate\\Container\\Container->call(Array)
#19 D:\\Office\\ZRA\\zrb-admin\\vendor\\laravel\\framework\\src\\Illuminate\\Foundation\\Application.php(905): Illuminate\\Foundation\\Application->bootProvider(Object(App\\Providers\\PermissionServiceProvider))
#20 [internal function]: Illuminate\\Foundation\\Application->Illuminate\\Foundation\\{closure}(Object(App\\Providers\\PermissionServiceProvider), 41)
#21 D:\\Office\\ZRA\\zrb-admin\\vendor\\laravel\\framework\\src\\Illuminate\\Foundation\\Application.php(906): array_walk(Array, Object(Closure))
#22 D:\\Office\\ZRA\\zrb-admin\\vendor\\laravel\\framework\\src\\Illuminate\\Foundation\\Bootstrap\\BootProviders.php(17): Illuminate\\Foundation\\Application->boot()
#23 D:\\Office\\ZRA\\zrb-admin\\vendor\\laravel\\framework\\src\\Illuminate\\Foundation\\Application.php(237): Illuminate\\Foundation\\Bootstrap\\BootProviders->bootstrap(Object(Illuminate\\Foundation\\Application))
#24 D:\\Office\\ZRA\\zrb-admin\\vendor\\laravel\\framework\\src\\Illuminate\\Foundation\\Console\\Kernel.php(310): Illuminate\\Foundation\\Application->bootstrapWith(Array)
#25 D:\\Office\\ZRA\\zrb-admin\\vendor\\laravel\\framework\\src\\Illuminate\\Foundation\\Console\\Kernel.php(127): Illuminate\\Foundation\\Console\\Kernel->bootstrap()
#26 Command line code(1): Illuminate\\Foundation\\Console\\Kernel->handle(Object(Symfony\\Component\\Console\\Input\\ArgvInput), Object(Symfony\\Component\\Console\\Output\\ConsoleOutput))
#27 {main}
"} 
